# JRE version: Java(TM) SE Runtime Environment (8.0_111-b14) (build 1.8.0_111-b14)
# Java VM: Java HotSpot(TM) 64-Bit Server VM (25.111-b14 mixed mode linux-amd64 compressed oops)
Heap:
 PSYoungGen      total 27648K, used 21219K [0x00000000e1700000, 0x00000000e3580000, 0x0000000100000000)
  eden space 24064K, 73% used [0x00000000e1700000,0x00000000e28402f0,0x00000000e2e80000)
  from space 3584K, 99% used [0x00000000e3200000,0x00000000e3578ae8,0x00000000e3580000)
  to   space 3584K, 0% used [0x00000000e2e80000,0x00000000e2e80000,0x00000000e3200000)
 ParOldGen       total 33280K, used 7983K [0x00000000a4400000, 0x00000000a6480000, 0x00000000e1700000)
  object space 33280K, 23% used [0x00000000a4400000,0x00000000a4bcbc30,0x00000000a6480000)
 Metaspace       used 29658K, capacity 29874K, committed 30208K, reserved 1075200K
  class space    used 3655K, capacity 3731K, committed 3840K, reserved 1048576K
GC Heap History (10 events):
Event: 36.775 GC heap before
{Heap before GC invocations=1 (full 0):
 PSYoungGen      total 27648K, used 24059K [0x00000000e1700000, 0x00000000e3580000, 0x0000000100000000)
  eden space 24064K, 99% used [0x00000000e1700000,0x00000000e2e7ed28,0x00000000e2e80000)
  from space 3584K, 0% used [0x00000000e3200000,0x00000000e3200000,0x00000000e3580000)
  to   space 3584K, 0% used [0x00000000e2e80000,0x00000000e2e80000,0x00000000e3200000)
 ParOldGen       total 62976K, used 0K [0x00000000a4400000, 0x00000000a8180000, 0x00000000e1700000)
  object space 62976K, 0% used [0x00000000a4400000,0x00000000a4400000,0x00000000a8180000)
 Metaspace       used 14527K, capacity 14724K, committed 14976K, reserved 1062912K
  class space    used 1720K, capacity 1796K, committed 1920K, reserved 1048576K
Event: 36.930 GC heap after
Heap after GC invocations=1 (full 0):
 PSYoungGen      total 27648K, used 3581K [0x00000000e1700000, 0x00000000e3580000, 0x0000000100000000)
  eden space 24064K, 0% used [0x00000000e1700000,0x00000000e1700000,0x00000000e2e80000)
  from space 3584K, 99% used [0x00000000e2e80000,0x00000000e31ff758,0x00000000e3200000)
  to   space 3584K, 0% used [0x00000000e3200000,0x00000000e3200000,0x00000000e3580000)
 ParOldGen       total 62976K, used 192K [0x00000000a4400000, 0x00000000a8180000, 0x00000000e1700000)
  object space 62976K, 0% used [0x00000000a4400000,0x00000000a4430290,0x00000000a8180000)
 Metaspace       used 14527K, capacity 14724K, committed 14976K, reserved 1062912K
  class space    used 1720K, capacity 1796K, committed 1920K, reserved 1048576K
}
Event: 44.184 GC heap before
{Heap before GC invocations=2 (full 0):
 PSYoungGen      total 27648K, used 27645K [0x00000000e1700000, 0x00000000e3580000, 0x0000000100000000)
  eden space 24064K, 100% used [0x00000000e1700000,0x00000000e2e80000,0x00000000e2e80000)
  from space 3584K, 99% used [0x00000000e2e80000,0x00000000e31ff758,0x00000000e3200000)
  to   space 3584K, 0% used [0x00000000e3200000,0x00000000e3200000,0x00000000e3580000)
 ParOldGen       total 62976K, used 192K [0x00000000a4400000, 0x00000000a8180000, 0x00000000e1700000)
  object space 62976K, 0% used [0x00000000a4400000,0x00000000a4430290,0x00000000a8180000)
 Metaspace       used 19584K, capacity 19748K, committed 19840K, reserved 1067008K
  class space    used 2332K, capacity 2404K, committed 2432K, reserved 1048576K
Event: 44.199 GC heap after
Heap after GC invocations=2 (full 0):
 PSYoungGen      total 27648K, used 3560K [0x00000000e1700000, 0x00000000e3580000, 0x0000000100000000)
  eden space 24064K, 0% used [0x00000000e1700000,0x00000000e1700000,0x00000000e2e80000)
  from space 3584K, 99% used [0x00000000e3200000,0x00000000e357a088,0x00000000e3580000)
  to   space 3584K, 0% used [0x00000000e2e80000,0x00000000e2e80000,0x00000000e3200000)
 ParOldGen       total 62976K, used 2990K [0x00000000a4400000, 0x00000000a8180000, 0x00000000e1700000)
  object space 62976K, 4% used [0x00000000a4400000,0x00000000a46ebb78,0x00000000a8180000)
 Metaspace       used 19584K, capacity 19748K, committed 19840K, reserved 1067008K
  class space    used 2332K, capacity 2404K, committed 2432K, reserved 1048576K
}
Event: 47.013 GC heap before
{Heap before GC invocations=3 (full 0):
 PSYoungGen      total 27648K, used 13071K [0x00000000e1700000, 0x00000000e3580000, 0x0000000100000000)
  eden space 24064K, 39% used [0x00000000e1700000,0x00000000e2049f48,0x00000000e2e80000)
  from space 3584K, 99% used [0x00000000e3200000,0x00000000e357a088,0x00000000e3580000)
  to   space 3584K, 0% used [0x00000000e2e80000,0x00000000e2e80000,0x00000000e3200000)
 ParOldGen       total 62976K, used 2990K [0x00000000a4400000, 0x00000000a8180000, 0x00000000e1700000)
  object space 62976K, 4% used [0x00000000a4400000,0x00000000a46ebb78,0x00000000a8180000)
 Metaspace       used 20914K, capacity 21066K, committed 21296K, reserved 1069056K
  class space    used 2536K, capacity 2629K, committed 2688K, reserved 1048576K
Event: 47.020 GC heap after
Heap after GC invocations=3 (full 0):
 PSYoungGen      total 27648K, used 3557K [0x00000000e1700000, 0x00000000e3580000, 0x0000000100000000)
  eden space 24064K, 0% used [0x00000000e1700000,0x00000000e1700000,0x00000000e2e80000)
  from space 3584K, 99% used [0x00000000e2e80000,0x00000000e31f9488,0x00000000e3200000)
  to   space 3584K, 0% used [0x00000000e3200000,0x00000000e3200000,0x00000000e3580000)
 ParOldGen       total 62976K, used 4670K [0x00000000a4400000, 0x00000000a8180000, 0x00000000e1700000)
  object space 62976K, 7% used [0x00000000a4400000,0x00000000a488f968,0x00000000a8180000)
 Metaspace       used 20914K, capacity 21066K, committed 21296K, reserved 1069056K
  class space    used 2536K, capacity 2629K, committed 2688K, reserved 1048576K
}
Event: 47.020 GC heap before
{Heap before GC invocations=4 (full 1):
 PSYoungGen      total 27648K, used 3557K [0x00000000e1700000, 0x00000000e3580000, 0x0000000100000000)
  eden space 24064K, 0% used [0x00000000e1700000,0x00000000e1700000,0x00000000e2e80000)
  from space 3584K, 99% used [0x00000000e2e80000,0x00000000e31f9488,0x00000000e3200000)
  to   space 3584K, 0% used [0x00000000e3200000,0x00000000e3200000,0x00000000e3580000)
 ParOldGen       total 62976K, used 4670K [0x00000000a4400000, 0x00000000a8180000, 0x00000000e1700000)
  object space 62976K, 7% used [0x00000000a4400000,0x00000000a488f968,0x00000000a8180000)
 Metaspace       used 20914K, capacity 21066K, committed 21296K, reserved 1069056K
  class space    used 2536K, capacity 2629K, committed 2688K, reserved 1048576K
Event: 47.064 GC heap after
Heap after GC invocations=4 (full 1):
 PSYoungGen      total 27648K, used 0K [0x00000000e1700000, 0x00000000e3580000, 0x0000000100000000)
  eden space 24064K, 0% used [0x00000000e1700000,0x00000000e1700000,0x00000000e2e80000)
  from space 3584K, 0% used [0x00000000e2e80000,0x00000000e2e80000,0x00000000e3200000)
  to   space 3584K, 0% used [0x00000000e3200000,0x00000000e3200000,0x00000000e3580000)
 ParOldGen       total 33280K, used 5996K [0x00000000a4400000, 0x00000000a6480000, 0x00000000e1700000)
  object space 33280K, 18% used [0x00000000a4400000,0x00000000a49db318,0x00000000a6480000)
 Metaspace       used 20914K, capacity 21066K, committed 21296K, reserved 1069056K
  class space    used 2536K, capacity 2629K, committed 2688K, reserved 1048576K
}
Event: 59.254 GC heap before
{Heap before GC invocations=5 (full 1):
 PSYoungGen      total 27648K, used 24064K [0x00000000e1700000, 0x00000000e3580000, 0x0000000100000000)
  eden space 24064K, 100% used [0x00000000e1700000,0x00000000e2e80000,0x00000000e2e80000)
  from space 3584K, 0% used [0x00000000e2e80000,0x00000000e2e80000,0x00000000e3200000)
  to   space 3584K, 0% used [0x00000000e3200000,0x00000000e3200000,0x00000000e3580000)
 ParOldGen       total 33280K, used 5996K [0x00000000a4400000, 0x00000000a6480000, 0x00000000e1700000)
  object space 33280K, 18% used [0x00000000a4400000,0x00000000a49db318,0x00000000a6480000)
 Metaspace       used 26627K, capacity 26890K, committed 27264K, reserved 1073152K
  class space    used 3233K, capacity 3333K, committed 3456K, reserved 1048576K
Event: 59.262 GC heap after
Heap after GC invocations=5 (full 1):
 PSYoungGen      total 27648K, used 3554K [0x00000000e1700000, 0x00000000e3580000, 0x0000000100000000)
  eden space 24064K, 0% used [0x00000000e1700000,0x00000000e1700000,0x00000000e2e80000)
  from space 3584K, 99% used [0x00000000e3200000,0x00000000e3578ae8,0x00000000e3580000)
  to   space 3584K, 0% used [0x00000000e2e80000,0x00000000e2e80000,0x00000000e3200000)
 ParOldGen       total 33280K, used 7983K [0x00000000a4400000, 0x00000000a6480000, 0x00000000e1700000)
  object space 33280K, 23% used [0x00000000a4400000,0x00000000a4bcbc30,0x00000000a6480000)
 Metaspace       used 26627K, capacity 26890K, committed 27264K, reserved 1073152K
  class space    used 3233K, capacity 3333K, committed 3456K, reserved 1048576K
}

