# JRE version: Java(TM) SE Runtime Environment (8.0_111-b14) (build 1.8.0_111-b14)
# Java VM: Java HotSpot(TM) 64-Bit Server VM (25.111-b14 mixed mode linux-amd64 compressed oops)
Heap:
 PSYoungGen      total 99840K, used 11199K [0x00000000e1700000, 0x00000000e9580000, 0x0000000100000000)
  eden space 96256K, 11% used [0x00000000e1700000,0x00000000e21efca8,0x00000000e7500000)
  from space 3584K, 0% used [0x00000000e7500000,0x00000000e7500000,0x00000000e7880000)
  to   space 9728K, 0% used [0x00000000e8c00000,0x00000000e8c00000,0x00000000e9580000)
 ParOldGen       total 73216K, used 11354K [0x00000000a4400000, 0x00000000a8b80000, 0x00000000e1700000)
  object space 73216K, 15% used [0x00000000a4400000,0x00000000a4f169e0,0x00000000a8b80000)
 Metaspace       used 36662K, capacity 36944K, committed 37336K, reserved 1081344K
  class space    used 4734K, capacity 4818K, committed 4864K, reserved 1048576K
GC Heap History (10 events):
Event: 1.322 GC heap before
{Heap before GC invocations=3 (full 0):
 PSYoungGen      total 51712K, used 18925K [0x00000000e1700000, 0x00000000e4d00000, 0x0000000100000000)
  eden space 48128K, 31% used [0x00000000e1700000,0x00000000e2602390,0x00000000e4600000)
  from space 3584K, 99% used [0x00000000e4980000,0x00000000e4cf91a0,0x00000000e4d00000)
  to   space 3584K, 0% used [0x00000000e4600000,0x00000000e4600000,0x00000000e4980000)
 ParOldGen       total 62976K, used 4688K [0x00000000a4400000, 0x00000000a8180000, 0x00000000e1700000)
  object space 62976K, 7% used [0x00000000a4400000,0x00000000a4894068,0x00000000a8180000)
 Metaspace       used 20867K, capacity 21058K, committed 21248K, reserved 1067008K
  class space    used 2690K, capacity 2793K, committed 2816K, reserved 1048576K
Event: 1.327 GC heap after
Heap after GC invocations=3 (full 0):
 PSYoungGen      total 51712K, used 3558K [0x00000000e1700000, 0x00000000e7c00000, 0x0000000100000000)
  eden space 48128K, 0% used [0x00000000e1700000,0x00000000e1700000,0x00000000e4600000)
  from space 3584K, 99% used [0x00000000e4600000,0x00000000e4979878,0x00000000e4980000)
  to   space 3584K, 0% used [0x00000000e7880000,0x00000000e7880000,0x00000000e7c00000)
 ParOldGen       total 62976K, used 5628K [0x00000000a4400000, 0x00000000a8180000, 0x00000000e1700000)
  object space 62976K, 8% used [0x00000000a4400000,0x00000000a497f098,0x00000000a8180000)
 Metaspace       used 20867K, capacity 21058K, committed 21248K, reserved 1067008K
  class space    used 2690K, capacity 2793K, committed 2816K, reserved 1048576K
}
Event: 1.327 GC heap before
{Heap before GC invocations=4 (full 1):
 PSYoungGen      total 51712K, used 3558K [0x00000000e1700000, 0x00000000e7c00000, 0x0000000100000000)
  eden space 48128K, 0% used [0x00000000e1700000,0x00000000e1700000,0x00000000e4600000)
  from space 3584K, 99% used [0x00000000e4600000,0x00000000e4979878,0x00000000e4980000)
  to   space 3584K, 0% used [0x00000000e7880000,0x00000000e7880000,0x00000000e7c00000)
 ParOldGen       total 62976K, used 5628K [0x00000000a4400000, 0x00000000a8180000, 0x00000000e1700000)
  object space 62976K, 8% used [0x00000000a4400000,0x00000000a497f098,0x00000000a8180000)
 Metaspace       used 20867K, capacity 21058K, committed 21248K, reserved 1067008K
  class space    used 2690K, capacity 2793K, committed 2816K, reserved 1048576K
Event: 1.358 GC heap after
Heap after GC invocations=4 (full 1):
 PSYoungGen      total 51712K, used 0K [0x00000000e1700000, 0x00000000e7c00000, 0x0000000100000000)
  eden space 48128K, 0% used [0x00000000e1700000,0x00000000e1700000,0x00000000e4600000)
  from space 3584K, 0% used [0x00000000e4600000,0x00000000e4600000,0x00000000e4980000)
  to   space 3584K, 0% used [0x00000000e7880000,0x00000000e7880000,0x00000000e7c00000)
 ParOldGen       total 44544K, used 5823K [0x00000000a4400000, 0x00000000a6f80000, 0x00000000e1700000)
  object space 44544K, 13% used [0x00000000a4400000,0x00000000a49aff28,0x00000000a6f80000)
 Metaspace       used 20867K, capacity 21058K, committed 21248K, reserved 1067008K
  class space    used 2690K, capacity 2793K, committed 2816K, reserved 1048576K
}
Event: 2.374 GC heap before
{Heap before GC invocations=5 (full 1):
 PSYoungGen      total 51712K, used 48128K [0x00000000e1700000, 0x00000000e7c00000, 0x0000000100000000)
  eden space 48128K, 100% used [0x00000000e1700000,0x00000000e4600000,0x00000000e4600000)
  from space 3584K, 0% used [0x00000000e4600000,0x00000000e4600000,0x00000000e4980000)
  to   space 3584K, 0% used [0x00000000e7880000,0x00000000e7880000,0x00000000e7c00000)
 ParOldGen       total 44544K, used 5823K [0x00000000a4400000, 0x00000000a6f80000, 0x00000000e1700000)
  object space 44544K, 13% used [0x00000000a4400000,0x00000000a49aff28,0x00000000a6f80000)
 Metaspace       used 31060K, capacity 31310K, committed 31488K, reserved 1077248K
  class space    used 3995K, capacity 4075K, committed 4096K, reserved 1048576K
Event: 2.382 GC heap after
Heap after GC invocations=5 (full 1):
 PSYoungGen      total 76800K, used 3582K [0x00000000e1700000, 0x00000000e7c00000, 0x0000000100000000)
  eden space 73216K, 0% used [0x00000000e1700000,0x00000000e1700000,0x00000000e5e80000)
  from space 3584K, 99% used [0x00000000e7880000,0x00000000e7bff8a0,0x00000000e7c00000)
  to   space 3584K, 0% used [0x00000000e7500000,0x00000000e7500000,0x00000000e7880000)
 ParOldGen       total 44544K, used 11826K [0x00000000a4400000, 0x00000000a6f80000, 0x00000000e1700000)
  object space 44544K, 26% used [0x00000000a4400000,0x00000000a4f8cb10,0x00000000a6f80000)
 Metaspace       used 31060K, capacity 31310K, committed 31488K, reserved 1077248K
  class space    used 3995K, capacity 4075K, committed 4096K, reserved 1048576K
}
Event: 2.801 GC heap before
{Heap before GC invocations=6 (full 1):
 PSYoungGen      total 76800K, used 22577K [0x00000000e1700000, 0x00000000e7c00000, 0x0000000100000000)
  eden space 73216K, 25% used [0x00000000e1700000,0x00000000e298cb80,0x00000000e5e80000)
  from space 3584K, 99% used [0x00000000e7880000,0x00000000e7bff8a0,0x00000000e7c00000)
  to   space 3584K, 0% used [0x00000000e7500000,0x00000000e7500000,0x00000000e7880000)
 ParOldGen       total 44544K, used 11826K [0x00000000a4400000, 0x00000000a6f80000, 0x00000000e1700000)
  object space 44544K, 26% used [0x00000000a4400000,0x00000000a4f8cb10,0x00000000a6f80000)
 Metaspace       used 34982K, capacity 35252K, committed 35416K, reserved 1079296K
  class space    used 4586K, capacity 4686K, committed 4736K, reserved 1048576K
Event: 2.810 GC heap after
Heap after GC invocations=6 (full 1):
 PSYoungGen      total 99840K, used 3576K [0x00000000e1700000, 0x00000000e9580000, 0x0000000100000000)
  eden space 96256K, 0% used [0x00000000e1700000,0x00000000e1700000,0x00000000e7500000)
  from space 3584K, 99% used [0x00000000e7500000,0x00000000e787e0f0,0x00000000e7880000)
  to   space 9728K, 0% used [0x00000000e8c00000,0x00000000e8c00000,0x00000000e9580000)
 ParOldGen       total 44544K, used 14443K [0x00000000a4400000, 0x00000000a6f80000, 0x00000000e1700000)
  object space 44544K, 32% used [0x00000000a4400000,0x00000000a521ac50,0x00000000a6f80000)
 Metaspace       used 34982K, capacity 35252K, committed 35416K, reserved 1079296K
  class space    used 4586K, capacity 4686K, committed 4736K, reserved 1048576K
}
Event: 2.810 GC heap before
{Heap before GC invocations=7 (full 2):
 PSYoungGen      total 99840K, used 3576K [0x00000000e1700000, 0x00000000e9580000, 0x0000000100000000)
  eden space 96256K, 0% used [0x00000000e1700000,0x00000000e1700000,0x00000000e7500000)
  from space 3584K, 99% used [0x00000000e7500000,0x00000000e787e0f0,0x00000000e7880000)
  to   space 9728K, 0% used [0x00000000e8c00000,0x00000000e8c00000,0x00000000e9580000)
 ParOldGen       total 44544K, used 14443K [0x00000000a4400000, 0x00000000a6f80000, 0x00000000e1700000)
  object space 44544K, 32% used [0x00000000a4400000,0x00000000a521ac50,0x00000000a6f80000)
 Metaspace       used 34982K, capacity 35252K, committed 35416K, reserved 1079296K
  class space    used 4586K, capacity 4686K, committed 4736K, reserved 1048576K
Event: 2.877 GC heap after
Heap after GC invocations=7 (full 2):
 PSYoungGen      total 99840K, used 0K [0x00000000e1700000, 0x00000000e9580000, 0x0000000100000000)
  eden space 96256K, 0% used [0x00000000e1700000,0x00000000e1700000,0x00000000e7500000)
  from space 3584K, 0% used [0x00000000e7500000,0x00000000e7500000,0x00000000e7880000)
  to   space 9728K, 0% used [0x00000000e8c00000,0x00000000e8c00000,0x00000000e9580000)
 ParOldGen       total 73216K, used 11354K [0x00000000a4400000, 0x00000000a8b80000, 0x00000000e1700000)
  object space 73216K, 15% used [0x00000000a4400000,0x00000000a4f169e0,0x00000000a8b80000)
 Metaspace       used 34982K, capacity 35252K, committed 35416K, reserved 1079296K
  class space    used 4586K, capacity 4686K, committed 4736K, reserved 1048576K
}

