# JRE version: Java(TM) SE Runtime Environment (8.0_111-b14) (build 1.8.0_111-b14)
# Java VM: Java HotSpot(TM) 64-Bit Server VM (25.111-b14 mixed mode linux-amd64 compressed oops)
Heap:
 PSYoungGen      total 27648K, used 21250K [0x00000000e1700000, 0x00000000e3580000, 0x0000000100000000)
  eden space 24064K, 73% used [0x00000000e1700000,0x00000000e2846f78,0x00000000e2e80000)
  from space 3584K, 99% used [0x00000000e3200000,0x00000000e3579c80,0x00000000e3580000)
  to   space 3584K, 0% used [0x00000000e2e80000,0x00000000e2e80000,0x00000000e3200000)
 ParOldGen       total 33280K, used 7979K [0x00000000a4400000, 0x00000000a6480000, 0x00000000e1700000)
  object space 33280K, 23% used [0x00000000a4400000,0x00000000a4bcafa0,0x00000000a6480000)
 Metaspace       used 29689K, capacity 29890K, committed 30208K, reserved 1075200K
  class space    used 3657K, capacity 3731K, committed 3840K, reserved 1048576K
GC Heap History (10 events):
Event: 51.082 GC heap before
{Heap before GC invocations=1 (full 0):
 PSYoungGen      total 27648K, used 24044K [0x00000000e1700000, 0x00000000e3580000, 0x0000000100000000)
  eden space 24064K, 99% used [0x00000000e1700000,0x00000000e2e7b228,0x00000000e2e80000)
  from space 3584K, 0% used [0x00000000e3200000,0x00000000e3200000,0x00000000e3580000)
  to   space 3584K, 0% used [0x00000000e2e80000,0x00000000e2e80000,0x00000000e3200000)
 ParOldGen       total 62976K, used 0K [0x00000000a4400000, 0x00000000a8180000, 0x00000000e1700000)
  object space 62976K, 0% used [0x00000000a4400000,0x00000000a4400000,0x00000000a8180000)
 Metaspace       used 14566K, capacity 14804K, committed 15232K, reserved 1062912K
  class space    used 1720K, capacity 1796K, committed 1920K, reserved 1048576K
Event: 51.092 GC heap after
Heap after GC invocations=1 (full 0):
 PSYoungGen      total 27648K, used 3583K [0x00000000e1700000, 0x00000000e3580000, 0x0000000100000000)
  eden space 24064K, 0% used [0x00000000e1700000,0x00000000e1700000,0x00000000e2e80000)
  from space 3584K, 99% used [0x00000000e2e80000,0x00000000e31ffcd8,0x00000000e3200000)
  to   space 3584K, 0% used [0x00000000e3200000,0x00000000e3200000,0x00000000e3580000)
 ParOldGen       total 62976K, used 216K [0x00000000a4400000, 0x00000000a8180000, 0x00000000e1700000)
  object space 62976K, 0% used [0x00000000a4400000,0x00000000a4436290,0x00000000a8180000)
 Metaspace       used 14566K, capacity 14804K, committed 15232K, reserved 1062912K
  class space    used 1720K, capacity 1796K, committed 1920K, reserved 1048576K
}
Event: 56.399 GC heap before
{Heap before GC invocations=2 (full 0):
 PSYoungGen      total 27648K, used 27647K [0x00000000e1700000, 0x00000000e3580000, 0x0000000100000000)
  eden space 24064K, 100% used [0x00000000e1700000,0x00000000e2e80000,0x00000000e2e80000)
  from space 3584K, 99% used [0x00000000e2e80000,0x00000000e31ffcd8,0x00000000e3200000)
  to   space 3584K, 0% used [0x00000000e3200000,0x00000000e3200000,0x00000000e3580000)
 ParOldGen       total 62976K, used 216K [0x00000000a4400000, 0x00000000a8180000, 0x00000000e1700000)
  object space 62976K, 0% used [0x00000000a4400000,0x00000000a4436290,0x00000000a8180000)
 Metaspace       used 19603K, capacity 19764K, committed 20096K, reserved 1067008K
  class space    used 2332K, capacity 2404K, committed 2432K, reserved 1048576K
Event: 56.405 GC heap after
Heap after GC invocations=2 (full 0):
 PSYoungGen      total 27648K, used 3558K [0x00000000e1700000, 0x00000000e3580000, 0x0000000100000000)
  eden space 24064K, 0% used [0x00000000e1700000,0x00000000e1700000,0x00000000e2e80000)
  from space 3584K, 99% used [0x00000000e3200000,0x00000000e3579858,0x00000000e3580000)
  to   space 3584K, 0% used [0x00000000e2e80000,0x00000000e2e80000,0x00000000e3200000)
 ParOldGen       total 62976K, used 3000K [0x00000000a4400000, 0x00000000a8180000, 0x00000000e1700000)
  object space 62976K, 4% used [0x00000000a4400000,0x00000000a46ee1f8,0x00000000a8180000)
 Metaspace       used 19603K, capacity 19764K, committed 20096K, reserved 1067008K
  class space    used 2332K, capacity 2404K, committed 2432K, reserved 1048576K
}
Event: 58.254 GC heap before
{Heap before GC invocations=3 (full 0):
 PSYoungGen      total 27648K, used 13067K [0x00000000e1700000, 0x00000000e3580000, 0x0000000100000000)
  eden space 24064K, 39% used [0x00000000e1700000,0x00000000e2049570,0x00000000e2e80000)
  from space 3584K, 99% used [0x00000000e3200000,0x00000000e3579858,0x00000000e3580000)
  to   space 3584K, 0% used [0x00000000e2e80000,0x00000000e2e80000,0x00000000e3200000)
 ParOldGen       total 62976K, used 3000K [0x00000000a4400000, 0x00000000a8180000, 0x00000000e1700000)
  object space 62976K, 4% used [0x00000000a4400000,0x00000000a46ee1f8,0x00000000a8180000)
 Metaspace       used 20875K, capacity 20986K, committed 21296K, reserved 1069056K
  class space    used 2535K, capacity 2597K, committed 2688K, reserved 1048576K
Event: 58.259 GC heap after
Heap after GC invocations=3 (full 0):
 PSYoungGen      total 27648K, used 3557K [0x00000000e1700000, 0x00000000e3580000, 0x0000000100000000)
  eden space 24064K, 0% used [0x00000000e1700000,0x00000000e1700000,0x00000000e2e80000)
  from space 3584K, 99% used [0x00000000e2e80000,0x00000000e31f9488,0x00000000e3200000)
  to   space 3584K, 0% used [0x00000000e3200000,0x00000000e3200000,0x00000000e3580000)
 ParOldGen       total 62976K, used 4694K [0x00000000a4400000, 0x00000000a8180000, 0x00000000e1700000)
  object space 62976K, 7% used [0x00000000a4400000,0x00000000a4895868,0x00000000a8180000)
 Metaspace       used 20875K, capacity 20986K, committed 21296K, reserved 1069056K
  class space    used 2535K, capacity 2597K, committed 2688K, reserved 1048576K
}
Event: 58.259 GC heap before
{Heap before GC invocations=4 (full 1):
 PSYoungGen      total 27648K, used 3557K [0x00000000e1700000, 0x00000000e3580000, 0x0000000100000000)
  eden space 24064K, 0% used [0x00000000e1700000,0x00000000e1700000,0x00000000e2e80000)
  from space 3584K, 99% used [0x00000000e2e80000,0x00000000e31f9488,0x00000000e3200000)
  to   space 3584K, 0% used [0x00000000e3200000,0x00000000e3200000,0x00000000e3580000)
 ParOldGen       total 62976K, used 4694K [0x00000000a4400000, 0x00000000a8180000, 0x00000000e1700000)
  object space 62976K, 7% used [0x00000000a4400000,0x00000000a4895868,0x00000000a8180000)
 Metaspace       used 20875K, capacity 20986K, committed 21296K, reserved 1069056K
  class space    used 2535K, capacity 2597K, committed 2688K, reserved 1048576K
Event: 58.368 GC heap after
Heap after GC invocations=4 (full 1):
 PSYoungGen      total 27648K, used 0K [0x00000000e1700000, 0x00000000e3580000, 0x0000000100000000)
  eden space 24064K, 0% used [0x00000000e1700000,0x00000000e1700000,0x00000000e2e80000)
  from space 3584K, 0% used [0x00000000e2e80000,0x00000000e2e80000,0x00000000e3200000)
  to   space 3584K, 0% used [0x00000000e3200000,0x00000000e3200000,0x00000000e3580000)
 ParOldGen       total 33280K, used 6014K [0x00000000a4400000, 0x00000000a6480000, 0x00000000e1700000)
  object space 33280K, 18% used [0x00000000a4400000,0x00000000a49dfb38,0x00000000a6480000)
 Metaspace       used 20875K, capacity 20986K, committed 21296K, reserved 1069056K
  class space    used 2535K, capacity 2597K, committed 2688K, reserved 1048576K
}
Event: 63.470 GC heap before
{Heap before GC invocations=5 (full 1):
 PSYoungGen      total 27648K, used 24064K [0x00000000e1700000, 0x00000000e3580000, 0x0000000100000000)
  eden space 24064K, 100% used [0x00000000e1700000,0x00000000e2e80000,0x00000000e2e80000)
  from space 3584K, 0% used [0x00000000e2e80000,0x00000000e2e80000,0x00000000e3200000)
  to   space 3584K, 0% used [0x00000000e3200000,0x00000000e3200000,0x00000000e3580000)
 ParOldGen       total 33280K, used 6014K [0x00000000a4400000, 0x00000000a6480000, 0x00000000e1700000)
  object space 33280K, 18% used [0x00000000a4400000,0x00000000a49dfb38,0x00000000a6480000)
 Metaspace       used 26678K, capacity 26906K, committed 27264K, reserved 1073152K
  class space    used 3235K, capacity 3333K, committed 3456K, reserved 1048576K
Event: 63.474 GC heap after
Heap after GC invocations=5 (full 1):
 PSYoungGen      total 27648K, used 3559K [0x00000000e1700000, 0x00000000e3580000, 0x0000000100000000)
  eden space 24064K, 0% used [0x00000000e1700000,0x00000000e1700000,0x00000000e2e80000)
  from space 3584K, 99% used [0x00000000e3200000,0x00000000e3579c80,0x00000000e3580000)
  to   space 3584K, 0% used [0x00000000e2e80000,0x00000000e2e80000,0x00000000e3200000)
 ParOldGen       total 33280K, used 7979K [0x00000000a4400000, 0x00000000a6480000, 0x00000000e1700000)
  object space 33280K, 23% used [0x00000000a4400000,0x00000000a4bcafa0,0x00000000a6480000)
 Metaspace       used 26678K, capacity 26906K, committed 27264K, reserved 1073152K
  class space    used 3235K, capacity 3333K, committed 3456K, reserved 1048576K
}

